Flutter crash report.
Please report a bug at https://github.com/flutter/flutter/issues.

## command

flutter run

## exception

PathNotFoundException: PathNotFoundException: Creation of temporary directory failed, path = 'C:\Users\92318\AppData\Local\Temp\flutter_tools.ab78bc63\flutter_tools.' (OS Error: The system cannot find the path specified.
, errno = 3)

```
#0      _Directory.createTempSync (dart:io/directory_impl.dart:175:7)
#1      ForwardingDirectory.createTempSync (package:file/src/forwarding/forwarding_directory.dart:28:21)
#2      ResidentWebRunner._generateEntrypoint (package:flutter_tools/src/isolated/resident_web_runner.dart:426:73)
#3      ResidentWebRunner._updateDevFS (package:flutter_tools/src/isolated/resident_web_runner.dart:488:22)
<asynchronous suspension>
#4      ResidentWebRunner.run.<anonymous closure> (package:flutter_tools/src/isolated/resident_web_runner.dart:284:41)
<asynchronous suspension>
#5      asyncGuard.<anonymous closure> (package:flutter_tools/src/base/async_guard.dart:111:24)
<asynchronous suspension>
```

## flutter doctor

```
[32m[✓][39m Flutter (Channel stable, 3.7.3, on Microsoft Windows [Version 10.0.19045.2846], locale en-US)
    [32m•[39m Flutter version 3.7.3 on channel stable at D:\flutter\flutter
    [32m•[39m Upstream repository https://github.com/flutter/flutter.git
    [32m•[39m Framework revision 9944297138 (3 months ago), 2023-02-08 15:46:04 -0800
    [32m•[39m Engine revision 248290d6d5
    [32m•[39m Dart version 2.19.2
    [32m•[39m DevTools version 2.20.1

[32m[✓][39m Windows Version (Installed version of Windows is version 10 or higher)

[33m[!][39m Android toolchain - develop for Android devices (Android SDK version 32.1.0-rc1)
    [32m•[39m Android SDK at C:\Users\92318\AppData\Local\Android\sdk
    [31m✗[39m cmdline-tools component is missing
      Run `path/to/sdkmanager --install "cmdline-tools;latest"`
      See https://developer.android.com/studio/command-line for more details.
    [31m✗[39m Android license status unknown.
      Run `flutter doctor --android-licenses` to accept the SDK licenses.
      See https://flutter.dev/docs/get-started/install/windows#android-setup for more details.

[32m[✓][39m Chrome - develop for the web
    [32m•[39m Chrome at C:\Program Files\Google\Chrome\Application\chrome.exe

[31m[✗][39m Visual Studio - develop for Windows
    [31m✗[39m Visual Studio not installed; this is necessary for Windows development.
      Download at https://visualstudio.microsoft.com/downloads/.
      Please install the "Desktop development with C++" workload, including all of its default components

[33m[!][39m Android Studio (version 2022.2)
    [32m•[39m Android Studio at C:\Program Files\Android\Android Studio
    [32m•[39m Flutter plugin can be installed from:
      🔨 https://plugins.jetbrains.com/plugin/9212-flutter
    [32m•[39m Dart plugin can be installed from:
      🔨 https://plugins.jetbrains.com/plugin/6351-dart
    [31m✗[39m Unable to find bundled Java version.
    [32m•[39m Try updating or re-installing Android Studio.

[32m[✓][39m IntelliJ IDEA Ultimate Edition (version 2022.3)
    [32m•[39m IntelliJ at C:\Users\92318\AppData\Local\JetBrains\IntelliJ IDEA 2022.3
    [32m•[39m Flutter plugin version 71.0.6
    [32m•[39m Dart plugin version 223.7571.203

[32m[✓][39m VS Code (version 1.77.3)
    [32m•[39m VS Code at C:\Users\92318\AppData\Local\Programs\Microsoft VS Code
    [32m•[39m Flutter extension version 3.62.0

[32m[✓][39m Connected device (3 available)
    [32m•[39m Windows (desktop) • windows • windows-x64    • Microsoft Windows [Version 10.0.19045.2846]
    [32m•[39m Chrome (web)      • chrome  • web-javascript • Google Chrome 112.0.5615.138
    [32m•[39m Edge (web)        • edge    • web-javascript • Microsoft Edge 113.0.1774.35

[32m[✓][39m HTTP Host Availability
    [32m•[39m All required HTTP hosts are available

[33m![39m Doctor found issues in 3 categories.
```
